十月 02, 2018 4:03:54 下午 io.github.yedaxia.apidocs.LogUtils info
信息: info: find java src paths:  [/Users/yeguozhong/Desktop/gitLibrary/JApiDocs/playDemo/app/]
十月 02, 2018 4:03:54 下午 io.github.yedaxia.apidocs.LogUtils info
信息: info: project type not set, try to figure out...
十月 02, 2018 4:03:54 下午 io.github.yedaxia.apidocs.LogUtils info
信息: info: start find controllers in path : /Users/yeguozhong/Desktop/gitLibrary/JApiDocs/playDemo/app/
十月 02, 2018 4:03:54 下午 io.github.yedaxia.apidocs.LogUtils info
信息: info: generate api docs start...
十月 02, 2018 4:03:54 下午 io.github.yedaxia.apidocs.LogUtils info
信息: info: start to parse controller file : Application.java
十月 02, 2018 4:03:54 下午 io.github.yedaxia.apidocs.LogUtils info
信息: info: start to parse controller file : UserApi.java
十月 02, 2018 4:03:54 下午 io.github.yedaxia.apidocs.LogUtils info
信息: info: start to generate docs for controller file : UserApi.java
十月 02, 2018 4:03:55 下午 io.github.yedaxia.apidocs.LogUtils info
信息: info: success to generate docs for controller file : UserApi.java
十月 02, 2018 4:03:55 下午 io.github.yedaxia.apidocs.LogUtils info
信息: info: generate api docs done !!!
十月 02, 2018 4:03:55 下午 io.github.yedaxia.apidocs.LogUtils warn
警告: warning!! docs config properties miss, we don't think you want to post to rap!
