四月 01, 2019 10:38:00 下午 io.github.yedaxia.apidocs.LogUtils info
信息: info: find java src paths:  [/Users/yeguozhong/Desktop/gitLibrary/JApiDocs/springDemo/src/main/java/]
四月 01, 2019 10:38:00 下午 io.github.yedaxia.apidocs.LogUtils info
信息: info: project type not set, try to figure out...
四月 01, 2019 10:38:00 下午 io.github.yedaxia.apidocs.LogUtils info
信息: info: start find controllers in path : /Users/yeguozhong/Desktop/gitLibrary/JApiDocs/springDemo/src/main/java/
四月 01, 2019 10:38:01 下午 io.github.yedaxia.apidocs.LogUtils info
信息: info: find controller file : UserController.java
四月 01, 2019 10:38:01 下午 io.github.yedaxia.apidocs.LogUtils info
信息: info: find controller file : AdminController.java
四月 01, 2019 10:38:01 下午 io.github.yedaxia.apidocs.LogUtils info
信息: info: generate api docs start...
四月 01, 2019 10:38:01 下午 io.github.yedaxia.apidocs.LogUtils info
信息: info: start to parse controller file : UserController.java
四月 01, 2019 10:38:02 下午 io.github.yedaxia.apidocs.LogUtils info
信息: info: we think M should not be an enum type
四月 01, 2019 10:38:02 下午 io.github.yedaxia.apidocs.LogUtils warn
警告: warning!! Cannot find java file , in java file : /Users/yeguozhong/Desktop/gitLibrary/JApiDocs/springDemo/src/main/java/result/user/Result.java, className : M, we cannot found more information of it, you've better to make it a JavaBean
四月 01, 2019 10:38:02 下午 io.github.yedaxia.apidocs.LogUtils warn
警告: warning!! Cannot find java file , in java file : /Users/yeguozhong/Desktop/gitLibrary/JApiDocs/springDemo/src/main/java/result/user/Result.java, className : T, we cannot found more information of it, you've better to make it a JavaBean
四月 01, 2019 10:38:02 下午 io.github.yedaxia.apidocs.LogUtils info
信息: info: start to generate docs for controller file : UserController.java
四月 01, 2019 10:38:02 下午 io.github.yedaxia.apidocs.LogUtils info
信息: info: success to generate docs for controller file : UserController.java
四月 01, 2019 10:38:02 下午 io.github.yedaxia.apidocs.LogUtils info
信息: info: start to parse controller file : AdminController.java
四月 01, 2019 10:38:02 下午 io.github.yedaxia.apidocs.LogUtils info
信息: info: start to generate docs for controller file : AdminController.java
四月 01, 2019 10:38:02 下午 io.github.yedaxia.apidocs.LogUtils info
信息: info: success to generate docs for controller file : AdminController.java
四月 01, 2019 10:38:02 下午 io.github.yedaxia.apidocs.LogUtils info
信息: info: generate api docs done !!!
