7月 15, 2020 1:27:02 上午 io.github.yedaxia.apidocs.LogUtils info
信息: info: find java src paths:  [/Users/yeguozhong/Desktop/gitLibrary/JApiDocs/springDemo/src/main/java/]
7月 15, 2020 1:27:02 上午 io.github.yedaxia.apidocs.LogUtils info
信息: info: project type not set, try to figure out...
7月 15, 2020 1:27:02 上午 io.github.yedaxia.apidocs.LogUtils info
信息: info: start find controllers in path : /Users/yeguozhong/Desktop/gitLibrary/JApiDocs/springDemo/src/main/java/
7月 15, 2020 1:27:02 上午 io.github.yedaxia.apidocs.LogUtils info
信息: info: find controller file : BookController.java
7月 15, 2020 1:27:02 上午 io.github.yedaxia.apidocs.LogUtils info
信息: info: find controller file : UserController.java
7月 15, 2020 1:27:02 上午 io.github.yedaxia.apidocs.LogUtils info
信息: info: find controller file : AdminController.java
7月 15, 2020 1:27:02 上午 io.github.yedaxia.apidocs.LogUtils info
信息: info: start to parse controller file : BookController.java
7月 15, 2020 1:27:02 上午 io.github.yedaxia.apidocs.LogUtils info
信息: info: we think T should not be an enum type
7月 15, 2020 1:27:02 上午 io.github.yedaxia.apidocs.LogUtils warn
警告: warning!! Cannot find java file , in java file : /Users/yeguozhong/Desktop/gitLibrary/JApiDocs/springDemo/src/main/java/result/ApiResult.java, className : T, we cannot found more information of it, you've better to make it a JavaBean
7月 15, 2020 1:27:02 上午 io.github.yedaxia.apidocs.LogUtils info
信息: info: success to parse controller file : BookController.java
7月 15, 2020 1:27:02 上午 io.github.yedaxia.apidocs.LogUtils info
信息: info: start to parse controller file : UserController.java
7月 15, 2020 1:27:03 上午 io.github.yedaxia.apidocs.LogUtils info
信息: info: we think T should not be an enum type
7月 15, 2020 1:27:03 上午 io.github.yedaxia.apidocs.LogUtils warn
警告: warning!! Cannot find java file , in java file : /Users/yeguozhong/Desktop/gitLibrary/JApiDocs/springDemo/src/main/java/result/ApiResult.java, className : T, we cannot found more information of it, you've better to make it a JavaBean
7月 15, 2020 1:27:03 上午 io.github.yedaxia.apidocs.LogUtils info
信息: info: we think T should not be an enum type
7月 15, 2020 1:27:03 上午 io.github.yedaxia.apidocs.LogUtils warn
警告: warning!! Cannot find java file , in java file : /Users/yeguozhong/Desktop/gitLibrary/JApiDocs/springDemo/src/main/java/result/ApiResult.java, className : T, we cannot found more information of it, you've better to make it a JavaBean
7月 15, 2020 1:27:03 上午 io.github.yedaxia.apidocs.LogUtils info
信息: info: we think T should not be an enum type
7月 15, 2020 1:27:03 上午 io.github.yedaxia.apidocs.LogUtils warn
警告: warning!! Cannot find java file , in java file : /Users/yeguozhong/Desktop/gitLibrary/JApiDocs/springDemo/src/main/java/result/ApiResult.java, className : T, we cannot found more information of it, you've better to make it a JavaBean
7月 15, 2020 1:27:03 上午 io.github.yedaxia.apidocs.LogUtils info
信息: info: success to parse controller file : UserController.java
7月 15, 2020 1:27:03 上午 io.github.yedaxia.apidocs.LogUtils info
信息: info: start to parse controller file : AdminController.java
7月 15, 2020 1:27:03 上午 io.github.yedaxia.apidocs.LogUtils info
信息: info: success to parse controller file : AdminController.java
7月 15, 2020 1:27:03 上午 io.github.yedaxia.apidocs.LogUtils info
信息: info: generate api docs start...
7月 15, 2020 1:27:03 上午 io.github.yedaxia.apidocs.LogUtils info
信息: info: start to generate docs for controller file : /Users/yeguozhong/Desktop/gitLibrary/JApiDocs/springDemo/src/main/java/controller/BookController.java
7月 15, 2020 1:27:03 上午 io.github.yedaxia.apidocs.LogUtils info
信息: info: success to generate docs for controller file : /Users/yeguozhong/Desktop/gitLibrary/JApiDocs/springDemo/src/main/java/controller/BookController.java
7月 15, 2020 1:27:03 上午 io.github.yedaxia.apidocs.LogUtils info
信息: info: start to generate docs for controller file : /Users/yeguozhong/Desktop/gitLibrary/JApiDocs/springDemo/src/main/java/controller/UserController.java
7月 15, 2020 1:27:03 上午 io.github.yedaxia.apidocs.LogUtils info
信息: info: success to generate docs for controller file : /Users/yeguozhong/Desktop/gitLibrary/JApiDocs/springDemo/src/main/java/controller/UserController.java
7月 15, 2020 1:27:03 上午 io.github.yedaxia.apidocs.LogUtils info
信息: info: start to generate docs for controller file : /Users/yeguozhong/Desktop/gitLibrary/JApiDocs/springDemo/src/main/java/controller/admin/AdminController.java
7月 15, 2020 1:27:03 上午 io.github.yedaxia.apidocs.LogUtils info
信息: info: success to generate docs for controller file : /Users/yeguozhong/Desktop/gitLibrary/JApiDocs/springDemo/src/main/java/controller/admin/AdminController.java
7月 15, 2020 1:27:03 上午 io.github.yedaxia.apidocs.LogUtils info
信息: info: generate index start !!!
7月 15, 2020 1:27:03 上午 io.github.yedaxia.apidocs.LogUtils info
信息: info: generate index done !!!
7月 15, 2020 1:27:03 上午 io.github.yedaxia.apidocs.LogUtils info
信息: info: generate api docs done !!!
